#
# There is insufficient memory for the Java Runtime Environment to continue.
# Native memory allocation (mmap) failed to map 23068672 bytes for Failed to commit area from 0x0000000708f00000 to 0x000000070a500000 of length 23068672.
# Possible reasons:
#   The system is out of physical RAM or swap space
#   The process is running with CompressedOops enabled, and the Java Heap may be blocking the growth of the native heap
# Possible solutions:
#   Reduce memory load on the system
#   Increase physical memory or swap space
#   Check if swap backing store is full
#   Decrease Java heap size (-Xmx/-Xms)
#   Decrease number of Java threads
#   Decrease Java thread stack sizes (-Xss)
#   Set larger code cache with -XX:ReservedCodeCacheSize=
#   JVM is running with Zero Based Compressed Oops mode in which the Java heap is
#     placed in the first 32GB address space. The Java Heap base address is the
#     maximum limit for the native heap growth. Please use -XX:HeapBaseMinAddress
#     to set the Java Heap base and to place the Java Heap above 32GB virtual address.
# This output file may be truncated or incomplete.
#
#  Out of Memory Error (./open/src/hotspot/os/windows/os_windows.cpp:3315), pid=12340, tid=13176
#
# JRE version: Java(TM) SE Runtime Environment (14.0.1+7) (build 14.0.1+7)
# Java VM: Java HotSpot(TM) 64-Bit Server VM (14.0.1+7, mixed mode, sharing, tiered, compressed oops, g1 gc, windows-amd64)
# No core dump will be written. Minidumps are not enabled by default on client versions of Windows
#

---------------  S U M M A R Y ------------

Command Line: -javaagent:C:\\Users\\Aleksandar\\.m2\\repository\\org\\jacoco\\org.jacoco.agent\\0.8.6\\org.jacoco.agent-0.8.6-runtime.jar=destfile=F:\\University\\SecondYear\\3rdSemester\\ITS\\individualproject\\target\\jacoco.exec C:\Users\ALEKSA~1\AppData\Local\Temp\surefire4917780899297548312\surefirebooter1004145468994826253.jar C:\Users\Aleksandar\AppData\Local\Temp\surefire4917780899297548312 2021-01-21T22-01-56_592-jvmRun1 surefire3942759825849181222tmp surefire_09297640884859642299tmp

Host: Intel(R) Core(TM) i7-8750H CPU @ 2.20GHz, 12 cores, 15G,  Windows 10 , 64 bit Build 19041 (10.0.19041.662)
Time: Thu Jan 21 22:02:09 2021 W. Europe Standard Time elapsed time: 12 seconds (0d 0h 0m 12s)

---------------  T H R E A D  ---------------

Current thread (0x0000015b2aa89800):  VMThread "VM Thread" [stack: 0x000000297ce00000,0x000000297cf00000] [id=13176]

Stack: [0x000000297ce00000,0x000000297cf00000]
[error occurred during error reporting (printing stack bounds), id 0xc0000005, EXCEPTION_ACCESS_VIOLATION (0xc0000005) at pc=0x0000015b0f0f10ad]

Native frames: (J=compiled Java code, j=interpreted, Vv=VM code, C=native code)
V  [jvm.dll+0x5f840a]
V  [jvm.dll+0x741e4a]
V  [jvm.dll+0x7435ff]
V  [jvm.dll+0x743ba5]
V  [jvm.dll+0x743b5b]
V  [jvm.dll+0x5f793f]
V  [jvm.dll+0x5f80a8]
C  [ntdll.dll+0xa130f]
C  [ntdll.dll+0x4b5e4]
C  [ntdll.dll+0x9fe3e]
C  0x0000015b0f0f10ad

VM_Operation (0x000000297c8f95e0): G1CollectForAllocation, mode: safepoint, requested by thread 0x0000015b0693c800


---------------  P R O C E S S  ---------------

Threads class SMR info:
_java_thread_list=0x0000015b303288c0, length=15, elements={
0x0000015b0693c800, 0x0000015b2aa8c800, 0x0000015b2aa8d800, 0x0000015b2b332000,
0x0000015b2b335800, 0x0000015b2b337800, 0x0000015b2b338800, 0x0000015b2b339800,
0x0000015b2b33f000, 0x0000015b2b414800, 0x0000015b2bd56000, 0x0000015b2bd79800,
0x0000015b2c547000, 0x0000015b30d8f000, 0x0000015b2b490000
}

Java Threads: ( => current thread )
  0x0000015b0693c800 JavaThread "main" [_thread_blocked, id=18976, stack(0x000000297c800000,0x000000297c900000)]
  0x0000015b2aa8c800 JavaThread "Reference Handler" daemon [_thread_blocked, id=2384, stack(0x000000297cf00000,0x000000297d000000)]
  0x0000015b2aa8d800 JavaThread "Finalizer" daemon [_thread_blocked, id=16620, stack(0x000000297d000000,0x000000297d100000)]
  0x0000015b2b332000 JavaThread "Signal Dispatcher" daemon [_thread_blocked, id=5988, stack(0x000000297d100000,0x000000297d200000)]
  0x0000015b2b335800 JavaThread "Attach Listener" daemon [_thread_blocked, id=18272, stack(0x000000297d200000,0x000000297d300000)]
  0x0000015b2b337800 JavaThread "Service Thread" daemon [_thread_blocked, id=11504, stack(0x000000297d300000,0x000000297d400000)]
  0x0000015b2b338800 JavaThread "C2 CompilerThread0" daemon [_thread_blocked, id=18716, stack(0x000000297d400000,0x000000297d500000)]
  0x0000015b2b339800 JavaThread "C1 CompilerThread0" daemon [_thread_blocked, id=13592, stack(0x000000297d500000,0x000000297d600000)]
  0x0000015b2b33f000 JavaThread "Sweeper thread" daemon [_thread_blocked, id=16252, stack(0x000000297d600000,0x000000297d700000)]
  0x0000015b2b414800 JavaThread "Common-Cleaner" daemon [_thread_blocked, id=21292, stack(0x000000297d700000,0x000000297d800000)]
  0x0000015b2bd56000 JavaThread "Notification Thread" daemon [_thread_blocked, id=5492, stack(0x000000297d900000,0x000000297da00000)]
  0x0000015b2bd79800 JavaThread "surefire-forkedjvm-command-thread" daemon [_thread_in_native, id=20944, stack(0x000000297e000000,0x000000297e100000)]
  0x0000015b2c547000 JavaThread "surefire-forkedjvm-ping-30s" daemon [_thread_blocked, id=596, stack(0x000000297e100000,0x000000297e200000)]
  0x0000015b30d8f000 JavaThread "mysql-cj-abandoned-connection-cleanup" daemon [_thread_blocked, id=9864, stack(0x000000297e300000,0x000000297e400000)]
  0x0000015b2b490000 JavaThread "C2 CompilerThread1" daemon [_thread_blocked, id=16636, stack(0x000000297d800000,0x000000297d900000)]

Other Threads:
=>0x0000015b2aa89800 VMThread "VM Thread" [stack: 0x000000297ce00000,0x000000297cf00000] [id=13176]
  0x0000015b2bd77000 WatcherThread [stack: 0x000000297da00000,0x000000297db00000] [id=17840]
  0x0000015b069a4800 GCTaskThread "GC Thread#0" [stack: 0x000000297c900000,0x000000297ca00000] [id=19136]
  0x0000015b2bdea000 GCTaskThread "GC Thread#1" [stack: 0x000000297db00000,0x000000297dc00000] [id=11360]
  0x0000015b2b5de000 GCTaskThread "GC Thread#2" [stack: 0x000000297dc00000,0x000000297dd00000] [id=11252]
  0x0000015b2bf8f800 GCTaskThread "GC Thread#3" [stack: 0x000000297dd00000,0x000000297de00000] [id=11228]
  0x0000015b2be2c800 GCTaskThread "GC Thread#4" [stack: 0x000000297de00000,0x000000297df00000] [id=9944]
  0x0000015b2bd7b000 GCTaskThread "GC Thread#5" [stack: 0x000000297df00000,0x000000297e000000] [id=10636]
  0x0000015b069c6000 ConcurrentGCThread "G1 Main Marker" [stack: 0x000000297ca00000,0x000000297cb00000] [id=4244]
  0x0000015b069c7000 ConcurrentGCThread "G1 Conc#0" [stack: 0x000000297cb00000,0x000000297cc00000] [id=21332]
  0x0000015b2e375000 ConcurrentGCThread "G1 Conc#1" [stack: 0x000000297e400000,0x000000297e500000] [id=724]
  0x0000015b2d139800 ConcurrentGCThread "G1 Conc#2" [stack: 0x000000297e500000,0x000000297e600000] [id=15128]
  0x0000015b2a979800 ConcurrentGCThread "G1 Refine#0" [stack: 0x000000297cc00000,0x000000297cd00000] [id=8896]
  0x0000015b2a97a800 ConcurrentGCThread "G1 Young RemSet Sampling" [stack: 0x000000297cd00000,0x000000297ce00000] [id=18980]

Threads with active compile tasks:
C2 CompilerThread0    12412 7078       4       org.springframework.asm.ClassReader::readElementValues (203 bytes)
C2 CompilerThread1    12412 7090       4       java.util.concurrent.ConcurrentHashMap$CollectionView::toArray (204 bytes)

VM state:at safepoint (normal execution)

VM Mutex/Monitor currently owned by a thread:  ([mutex/lock_event])
[0x0000015b069376c0] Threads_lock - owner thread: 0x0000015b2aa89800
[0x0000015b069363a0] Heap_lock - owner thread: 0x0000015b0693c800

Heap address: 0x0000000702600000, size: 4058 MB, Compressed Oops mode: Zero based, Oop shift amount: 3
Narrow klass base: 0x0000000800000000, Narrow klass shift: 3
Compressed class space size: 1073741824 Address: 0x0000000800b30000

Heap:
 garbage-first heap   total 132096K, used 24668K [0x0000000702600000, 0x0000000800000000)
  region size 1024K, 3 young (3072K), 3 survivors (3072K)
 Metaspace       used 47521K, capacity 48804K, committed 49024K, reserved 1091584K
  class space    used 5695K, capacity 6188K, committed 6272K, reserved 1048576K
Heap Regions: E=young(eden), S=young(survivor), O=old, HS=humongous(starts), HC=humongous(continues), CS=collection set, F=free, OA=open archive, CA=closed archive, TAMS=top-at-mark-start (previous, next)
|   0|0x0000000702600000, 0x0000000702700000, 0x0000000702700000|100%|HS|  |TAMS 0x0000000702700000, 0x0000000702600000| Complete 
|   1|0x0000000702700000, 0x0000000702800000, 0x0000000702800000|100%| O|  |TAMS 0x0000000702800000, 0x0000000702700000| Untracked 
|   2|0x0000000702800000, 0x0000000702900000, 0x0000000702900000|100%| O|  |TAMS 0x0000000702900000, 0x0000000702800000| Untracked 
|   3|0x0000000702900000, 0x0000000702a00000, 0x0000000702a00000|100%| O|  |TAMS 0x0000000702a00000, 0x0000000702900000| Untracked 
|   4|0x0000000702a00000, 0x0000000702b00000, 0x0000000702b00000|100%| O|  |TAMS 0x0000000702b00000, 0x0000000702a00000| Untracked 
|   5|0x0000000702b00000, 0x0000000702c00000, 0x0000000702c00000|100%| O|  |TAMS 0x0000000702c00000, 0x0000000702b00000| Untracked 
|   6|0x0000000702c00000, 0x0000000702d00000, 0x0000000702d00000|100%| O|  |TAMS 0x0000000702d00000, 0x0000000702c00000| Untracked 
|   7|0x0000000702d00000, 0x0000000702d2f400, 0x0000000702e00000| 18%| O|  |TAMS 0x0000000702d2f400, 0x0000000702d00000| Untracked 
|   8|0x0000000702e00000, 0x0000000702f00000, 0x0000000702f00000|100%| O|  |TAMS 0x0000000702f00000, 0x0000000702e00000| Untracked 
|   9|0x0000000702f00000, 0x0000000703000000, 0x0000000703000000|100%| O|  |TAMS 0x0000000703000000, 0x0000000702f00000| Untracked 
|  10|0x0000000703000000, 0x0000000703100000, 0x0000000703100000|100%| O|  |TAMS 0x0000000703100000, 0x0000000703000000| Untracked 
|  11|0x0000000703100000, 0x0000000703200000, 0x0000000703200000|100%| O|  |TAMS 0x0000000703193000, 0x0000000703100000| Untracked 
|  12|0x0000000703200000, 0x00000007032a0000, 0x0000000703300000| 62%| O|  |TAMS 0x0000000703200000, 0x0000000703200000| Untracked 
|  13|0x0000000703300000, 0x0000000703400000, 0x0000000703400000|100%| O|  |TAMS 0x0000000703300000, 0x0000000703300000| Untracked 
|  14|0x0000000703400000, 0x0000000703500000, 0x0000000703500000|100%| O|  |TAMS 0x0000000703400000, 0x0000000703400000| Untracked 
|  15|0x0000000703500000, 0x0000000703600000, 0x0000000703600000|100%| O|  |TAMS 0x0000000703500000, 0x0000000703500000| Untracked 
|  16|0x0000000703600000, 0x0000000703700000, 0x0000000703700000|100%| O|  |TAMS 0x0000000703600000, 0x0000000703600000| Untracked 
|  17|0x0000000703700000, 0x0000000703800000, 0x0000000703800000|100%| O|  |TAMS 0x0000000703700000, 0x0000000703700000| Untracked 
|  18|0x0000000703800000, 0x0000000703900000, 0x0000000703900000|100%| O|  |TAMS 0x0000000703800000, 0x0000000703800000| Untracked 
|  19|0x0000000703900000, 0x0000000703a00000, 0x0000000703a00000|100%| O|  |TAMS 0x0000000703900000, 0x0000000703900000| Untracked 
|  20|0x0000000703a00000, 0x0000000703b00000, 0x0000000703b00000|100%| O|  |TAMS 0x0000000703a00000, 0x0000000703a00000| Untracked 
|  21|0x0000000703b00000, 0x0000000703c00000, 0x0000000703c00000|100%| O|  |TAMS 0x0000000703b00000, 0x0000000703b00000| Untracked 
|  22|0x0000000703c00000, 0x0000000703c92200, 0x0000000703d00000| 57%| O|  |TAMS 0x0000000703c00000, 0x0000000703c00000| Untracked 
|  23|0x0000000703d00000, 0x0000000703d00000, 0x0000000703e00000|  0%| F|  |TAMS 0x0000000703d00000, 0x0000000703d00000| Untracked 
|  24|0x0000000703e00000, 0x0000000703e00000, 0x0000000703f00000|  0%| F|  |TAMS 0x0000000703e00000, 0x0000000703e00000| Untracked 
|  25|0x0000000703f00000, 0x0000000703f00000, 0x0000000704000000|  0%| F|  |TAMS 0x0000000703f00000, 0x0000000703f00000| Untracked 
|  26|0x0000000704000000, 0x0000000704000000, 0x0000000704100000|  0%| F|  |TAMS 0x0000000704000000, 0x0000000704000000| Untracked 
|  27|0x0000000704100000, 0x0000000704100000, 0x0000000704200000|  0%| F|  |TAMS 0x0000000704100000, 0x0000000704100000| Untracked 
|  28|0x0000000704200000, 0x0000000704200000, 0x0000000704300000|  0%| F|  |TAMS 0x0000000704200000, 0x0000000704200000| Untracked 
|  29|0x0000000704300000, 0x0000000704300000, 0x0000000704400000|  0%| F|  |TAMS 0x0000000704300000, 0x0000000704300000| Untracked 
|  30|0x0000000704400000, 0x0000000704400000, 0x0000000704500000|  0%| F|  |TAMS 0x0000000704400000, 0x0000000704400000| Untracked 
|  31|0x0000000704500000, 0x0000000704500000, 0x0000000704600000|  0%| F|  |TAMS 0x0000000704500000, 0x0000000704500000| Untracked 
|  32|0x0000000704600000, 0x0000000704600000, 0x0000000704700000|  0%| F|  |TAMS 0x0000000704600000, 0x0000000704600000| Untracked 
|  33|0x0000000704700000, 0x0000000704700000, 0x0000000704800000|  0%| F|  |TAMS 0x0000000704700000, 0x0000000704700000| Untracked 
|  34|0x0000000704800000, 0x0000000704800000, 0x0000000704900000|  0%| F|  |TAMS 0x0000000704800000, 0x0000000704800000| Untracked 
|  35|0x0000000704900000, 0x0000000704900000, 0x0000000704a00000|  0%| F|  |TAMS 0x0000000704900000, 0x0000000704900000| Untracked 
|  36|0x0000000704a00000, 0x0000000704a00000, 0x0000000704b00000|  0%| F|  |TAMS 0x0000000704a00000, 0x0000000704a00000| Untracked 
|  37|0x0000000704b00000, 0x0000000704b00000, 0x0000000704c00000|  0%| F|  |TAMS 0x0000000704b00000, 0x0000000704b00000| Untracked 
|  38|0x0000000704c00000, 0x0000000704c00000, 0x0000000704d00000|  0%| F|  |TAMS 0x0000000704c00000, 0x0000000704c00000| Untracked 
|  39|0x0000000704d00000, 0x0000000704d00000, 0x0000000704e00000|  0%| F|  |TAMS 0x0000000704d00000, 0x0000000704d00000| Untracked 
|  40|0x0000000704e00000, 0x0000000704eb5b30, 0x0000000704f00000| 70%| S|CS|TAMS 0x0000000704e00000, 0x0000000704e00000| Complete 
|  41|0x0000000704f00000, 0x0000000705000000, 0x0000000705000000|100%| S|CS|TAMS 0x0000000704f00000, 0x0000000704f00000| Complete 
|  42|0x0000000705000000, 0x0000000705100000, 0x0000000705100000|100%| S|CS|TAMS 0x0000000705000000, 0x0000000705000000| Complete 
|  43|0x0000000705100000, 0x0000000705100000, 0x0000000705200000|  0%| F|  |TAMS 0x0000000705100000, 0x0000000705100000| Untracked 
|  44|0x0000000705200000, 0x0000000705200000, 0x0000000705300000|  0%| F|  |TAMS 0x0000000705200000, 0x0000000705200000| Untracked 
|  45|0x0000000705300000, 0x0000000705300000, 0x0000000705400000|  0%| F|  |TAMS 0x0000000705300000, 0x0000000705300000| Untracked 
|  46|0x0000000705400000, 0x0000000705400000, 0x0000000705500000|  0%| F|  |TAMS 0x0000000705400000, 0x0000000705400000| Untracked 
|  47|0x0000000705500000, 0x0000000705500000, 0x0000000705600000|  0%| F|  |TAMS 0x0000000705500000, 0x0000000705500000| Untracked 
|  48|0x0000000705600000, 0x0000000705600000, 0x0000000705700000|  0%| F|  |TAMS 0x0000000705600000, 0x0000000705600000| Untracked 
|  49|0x0000000705700000, 0x0000000705700000, 0x0000000705800000|  0%| F|  |TAMS 0x0000000705700000, 0x0000000705700000| Untracked 
|  50|0x0000000705800000, 0x0000000705800000, 0x0000000705900000|  0%| F|  |TAMS 0x0000000705800000, 0x0000000705800000| Untracked 
|  51|0x0000000705900000, 0x0000000705900000, 0x0000000705a00000|  0%| F|  |TAMS 0x0000000705900000, 0x0000000705900000| Untracked 
|  52|0x0000000705a00000, 0x0000000705a00000, 0x0000000705b00000|  0%| F|  |TAMS 0x0000000705a00000, 0x0000000705a00000| Untracked 
|  53|0x0000000705b00000, 0x0000000705b00000, 0x0000000705c00000|  0%| F|  |TAMS 0x0000000705b00000, 0x0000000705b00000| Untracked 
|  54|0x0000000705c00000, 0x0000000705c00000, 0x0000000705d00000|  0%| F|  |TAMS 0x0000000705c00000, 0x0000000705c00000| Untracked 
|  55|0x0000000705d00000, 0x0000000705d00000, 0x0000000705e00000|  0%| F|  |TAMS 0x0000000705d00000, 0x0000000705d00000| Untracked 
|  56|0x0000000705e00000, 0x0000000705e00000, 0x0000000705f00000|  0%| F|  |TAMS 0x0000000705e00000, 0x0000000705e00000| Untracked 
|  57|0x0000000705f00000, 0x0000000705f00000, 0x0000000706000000|  0%| F|  |TAMS 0x0000000705f00000, 0x0000000705f00000| Untracked 
|  58|0x0000000706000000, 0x0000000706000000, 0x0000000706100000|  0%| F|  |TAMS 0x0000000706000000, 0x0000000706000000| Untracked 
|  59|0x0000000706100000, 0x0000000706100000, 0x0000000706200000|  0%| F|  |TAMS 0x0000000706100000, 0x0000000706100000| Untracked 
|  60|0x0000000706200000, 0x0000000706200000, 0x0000000706300000|  0%| F|  |TAMS 0x0000000706200000, 0x0000000706200000| Untracked 
|  61|0x0000000706300000, 0x0000000706300000, 0x0000000706400000|  0%| F|  |TAMS 0x0000000706300000, 0x0000000706300000| Untracked 
|  62|0x0000000706400000, 0x0000000706400000, 0x0000000706500000|  0%| F|  |TAMS 0x0000000706400000, 0x0000000706400000| Untracked 
|  63|0x0000000706500000, 0x0000000706500000, 0x0000000706600000|  0%| F|  |TAMS 0x0000000706500000, 0x0000000706500000| Untracked 
|  64|0x0000000706600000, 0x0000000706600000, 0x0000000706700000|  0%| F|  |TAMS 0x0000000706600000, 0x0000000706600000| Untracked 
|  65|0x0000000706700000, 0x0000000706700000, 0x0000000706800000|  0%| F|  |TAMS 0x0000000706700000, 0x0000000706700000| Untracked 
|  66|0x0000000706800000, 0x0000000706800000, 0x0000000706900000|  0%| F|  |TAMS 0x0000000706800000, 0x0000000706800000| Untracked 
|  67|0x0000000706900000, 0x0000000706900000, 0x0000000706a00000|  0%| F|  |TAMS 0x0000000706900000, 0x0000000706900000| Untracked 
|  68|0x0000000706a00000, 0x0000000706a00000, 0x0000000706b00000|  0%| F|  |TAMS 0x0000000706a00000, 0x0000000706a00000| Untracked 
|  69|0x0000000706b00000, 0x0000000706b00000, 0x0000000706c00000|  0%| F|  |TAMS 0x0000000706b00000, 0x0000000706b00000| Untracked 
|  70|0x0000000706c00000, 0x0000000706c00000, 0x0000000706d00000|  0%| F|  |TAMS 0x0000000706c00000, 0x0000000706c00000| Untracked 
|  71|0x0000000706d00000, 0x0000000706d00000, 0x0000000706e00000|  0%| F|  |TAMS 0x0000000706d00000, 0x0000000706d00000| Untracked 
|  72|0x0000000706e00000, 0x0000000706e00000, 0x0000000706f00000|  0%| F|  |TAMS 0x0000000706e00000, 0x0000000706e00000| Untracked 
|  73|0x0000000706f00000, 0x0000000706f00000, 0x0000000707000000|  0%| F|  |TAMS 0x0000000706f00000, 0x0000000706f00000| Untracked 
|  74|0x0000000707000000, 0x0000000707000000, 0x0000000707100000|  0%| F|  |TAMS 0x0000000707000000, 0x0000000707000000| Untracked 
|  75|0x0000000707100000, 0x0000000707100000, 0x0000000707200000|  0%| F|  |TAMS 0x0000000707100000, 0x0000000707100000| Untracked 
|  76|0x0000000707200000, 0x0000000707200000, 0x0000000707300000|  0%| F|  |TAMS 0x0000000707200000, 0x0000000707200000| Untracked 
|  77|0x0000000707300000, 0x0000000707300000, 0x0000000707400000|  0%| F|  |TAMS 0x0000000707300000, 0x0000000707300000| Untracked 
|  78|0x0000000707400000, 0x0000000707400000, 0x0000000707500000|  0%| F|  |TAMS 0x0000000707400000, 0x0000000707400000| Untracked 
|  79|0x0000000707500000, 0x0000000707500000, 0x0000000707600000|  0%| F|  |TAMS 0x0000000707500000, 0x0000000707500000| Untracked 
|  80|0x0000000707600000, 0x0000000707600000, 0x0000000707700000|  0%| F|  |TAMS 0x0000000707600000, 0x0000000707600000| Untracked 
|  81|0x0000000707700000, 0x0000000707700000, 0x0000000707800000|  0%| F|  |TAMS 0x0000000707700000, 0x0000000707700000| Untracked 
|  82|0x0000000707800000, 0x0000000707800000, 0x0000000707900000|  0%| F|  |TAMS 0x0000000707800000, 0x0000000707800000| Untracked 
|  83|0x0000000707900000, 0x0000000707900000, 0x0000000707a00000|  0%| F|  |TAMS 0x0000000707900000, 0x0000000707900000| Untracked 
|  84|0x0000000707a00000, 0x0000000707a00000, 0x0000000707b00000|  0%| F|  |TAMS 0x0000000707a00000, 0x0000000707a00000| Untracked 
|  85|0x0000000707b00000, 0x0000000707b00000, 0x0000000707c00000|  0%| F|  |TAMS 0x0000000707b00000, 0x0000000707b00000| Untracked 
|  86|0x0000000707c00000, 0x0000000707c00000, 0x0000000707d00000|  0%| F|  |TAMS 0x0000000707c00000, 0x0000000707c00000| Untracked 
|  87|0x0000000707d00000, 0x0000000707d00000, 0x0000000707e00000|  0%| F|  |TAMS 0x0000000707d00000, 0x0000000707d00000| Untracked 
|  88|0x0000000707e00000, 0x0000000707e00000, 0x0000000707f00000|  0%| F|  |TAMS 0x0000000707e00000, 0x0000000707e00000| Untracked 
|  89|0x0000000707f00000, 0x0000000707f00000, 0x0000000708000000|  0%| F|  |TAMS 0x0000000707f00000, 0x0000000707f00000| Untracked 
|  90|0x0000000708000000, 0x0000000708000000, 0x0000000708100000|  0%| F|  |TAMS 0x0000000708000000, 0x0000000708000000| Untracked 
|  91|0x0000000708100000, 0x0000000708100000, 0x0000000708200000|  0%| F|  |TAMS 0x0000000708100000, 0x0000000708100000| Untracked 
|  92|0x0000000708200000, 0x0000000708200000, 0x0000000708300000|  0%| F|  |TAMS 0x0000000708200000, 0x0000000708200000| Untracked 
|  93|0x0000000708300000, 0x0000000708300000, 0x0000000708400000|  0%| F|  |TAMS 0x0000000708300000, 0x0000000708300000| Untracked 
|  94|0x0000000708400000, 0x0000000708400000, 0x0000000708500000|  0%| F|  |TAMS 0x0000000708400000, 0x0000000708400000| Untracked 
|  95|0x0000000708500000, 0x0000000708500000, 0x0000000708600000|  0%| F|  |TAMS 0x0000000708500000, 0x0000000708500000| Untracked 
|  96|0x0000000708600000, 0x0000000708600000, 0x0000000708700000|  0%| F|  |TAMS 0x0000000708600000, 0x0000000708600000| Untracked 
|  97|0x0000000708700000, 0x0000000708700000, 0x0000000708800000|  0%| F|  |TAMS 0x0000000708700000, 0x0000000708700000| Untracked 
|  98|0x0000000708800000, 0x0000000708800000, 0x0000000708900000|  0%| F|  |TAMS 0x0000000708800000, 0x0000000708800000| Untracked 
|  99|0x0000000708900000, 0x0000000708900000, 0x0000000708a00000|  0%| F|  |TAMS 0x0000000708900000, 0x0000000708900000| Untracked 
| 100|0x0000000708a00000, 0x0000000708a00000, 0x0000000708b00000|  0%| F|  |TAMS 0x0000000708a00000, 0x0000000708a00000| Untracked 
| 101|0x0000000708b00000, 0x0000000708b00000, 0x0000000708c00000|  0%| F|  |TAMS 0x0000000708b00000, 0x0000000708b00000| Untracked 
| 102|0x0000000708c00000, 0x0000000708c00000, 0x0000000708d00000|  0%| F|  |TAMS 0x0000000708c00000, 0x0000000708c00000| Untracked 
| 103|0x0000000708d00000, 0x0000000708d00000, 0x0000000708e00000|  0%| F|  |TAMS 0x0000000708d00000, 0x0000000708d00000| Untracked 
| 104|0x0000000708e00000, 0x0000000708e00000, 0x0000000708f00000|  0%| F|  |TAMS 0x0000000708e00000, 0x0000000708e00000| Untracked 
| 252|0x0000000712200000, 0x0000000712200000, 0x0000000712300000|  0%| F|  |TAMS 0x0000000712200000, 0x0000000712200000| Untracked 
| 253|0x0000000712300000, 0x0000000712300000, 0x0000000712400000|  0%| F|  |TAMS 0x0000000712300000, 0x0000000712300000| Untracked 

Card table byte_map: [0x0000015b1ee40000,0x0000015b1f630000] _byte_map_base: 0x0000015b1b62d000

Marking Bits (Prev, Next): (CMBitMap*) 0x0000015b069a56a8, (CMBitMap*) 0x0000015b069a56e8
 Prev Bits: [0x0000015b1fe20000, 0x0000015b23d88000)
 Next Bits: [0x0000015b23d90000, 0x0000015b27cf8000)

Polling page: 0x0000015b04930000

Metaspace:

Usage:
  Non-class:     41.62 MB capacity,    40.85 MB ( 98%) used,   626.18 KB (  1%) free+waste,   163.00 KB ( <1%) overhead. 
      Class:      6.04 MB capacity,     5.56 MB ( 92%) used,   417.63 KB (  7%) free+waste,    75.25 KB (  1%) overhead. 
       Both:     47.66 MB capacity,    46.41 MB ( 97%) used,     1.02 MB (  2%) free+waste,   238.25 KB ( <1%) overhead. 

Virtual space:
  Non-class space:       42.00 MB reserved,      41.75 MB (>99%) committed 
      Class space:        1.00 GB reserved,       6.13 MB ( <1%) committed 
             Both:        1.04 GB reserved,      47.88 MB (  4%) committed 

Chunk freelists:
   Non-Class:  8.00 KB
       Class:  0 bytes
        Both:  8.00 KB

MaxMetaspaceSize: 17179869184.00 GB
CompressedClassSpaceSize: 1.00 GB

CodeHeap 'non-profiled nmethods': size=120000Kb used=5431Kb max_used=5431Kb free=114568Kb
 bounds [0x0000015b16bc0000, 0x0000015b17110000, 0x0000015b1e0f0000]
CodeHeap 'profiled nmethods': size=120000Kb used=14737Kb max_used=14737Kb free=105262Kb
 bounds [0x0000015b0f690000, 0x0000015b10500000, 0x0000015b16bc0000]
CodeHeap 'non-nmethods': size=5760Kb used=1264Kb max_used=1363Kb free=4495Kb
 bounds [0x0000015b0f0f0000, 0x0000015b0f360000, 0x0000015b0f690000]
 total_blobs=10248 nmethods=5907 adapters=445
 compilation: enabled
              stopped_count=0, restarted_count=0
 full_count=0

Compilation events (20 events):
Event: 12.349 Thread 0x0000015b2b339800 7079       3       org.springframework.boot.autoconfigure.AutoConfigurationImportSelector$AutoConfigurationGroup$$Lambda$602/0x0000000800e13c40::apply (12 bytes)
Event: 12.349 Thread 0x0000015b2b339800 nmethod 7079 0x0000015b104f0110 code [0x0000015b104f0320, 0x0000015b104f0ac8]
Event: 12.349 Thread 0x0000015b2b339800 7080       3       org.springframework.boot.autoconfigure.AutoConfigurationImportSelector$AutoConfigurationGroup::lambda$selectImports$1 (31 bytes)
Event: 12.350 Thread 0x0000015b2b339800 nmethod 7080 0x0000015b104f0d90 code [0x0000015b104f0f80, 0x0000015b104f15a8]
Event: 12.350 Thread 0x0000015b2b339800 7082   !   3       jdk.internal.reflect.GeneratedMethodAccessor9::invoke (63 bytes)
Event: 12.350 Thread 0x0000015b2b339800 nmethod 7082 0x0000015b104f1810 code [0x0000015b104f1a80, 0x0000015b104f2528]
Event: 12.359 Thread 0x0000015b2b490000 nmethod 7041 0x0000015b17106390 code [0x0000015b17106a40, 0x0000015b1710a548]
Event: 12.359 Thread 0x0000015b2b490000 7083 %     4       java.util.concurrent.ConcurrentHashMap$CollectionView::toArray @ 72 (204 bytes)
Event: 12.370 Thread 0x0000015b2b490000 nmethod 7083% 0x0000015b1710c110 code [0x0000015b1710c360, 0x0000015b1710cdf8]
Event: 12.370 Thread 0x0000015b2b490000 7086       4       java.util.TreeMap::getEntry (84 bytes)
Event: 12.372 Thread 0x0000015b2b339800 7088       3       org.springframework.asm.MethodVisitor::visitAnnotationDefault (36 bytes)
Event: 12.372 Thread 0x0000015b2b339800 nmethod 7088 0x0000015b104f2a90 code [0x0000015b104f2c60, 0x0000015b104f2f58]
Event: 12.373 Thread 0x0000015b2b339800 7091       3       org.springframework.core.ResolvableType$TypeVariablesVariableResolver::$jacocoInit (52 bytes)
Event: 12.373 Thread 0x0000015b2b339800 nmethod 7091 0x0000015b104f3110 code [0x0000015b104f3320, 0x0000015b104f3d58]
Event: 12.374 Thread 0x0000015b2b490000 nmethod 7086 0x0000015b1710d290 code [0x0000015b1710d480, 0x0000015b1710daa8]
Event: 12.374 Thread 0x0000015b2b490000 7090       4       java.util.concurrent.ConcurrentHashMap$CollectionView::toArray (204 bytes)
Event: 12.374 Thread 0x0000015b2b339800 7092       3       java.util.concurrent.ConcurrentHashMap::mappingCount (17 bytes)
Event: 12.374 Thread 0x0000015b2b339800 nmethod 7092 0x0000015b104f3f90 code [0x0000015b104f4140, 0x0000015b104f42e8]
Event: 12.378 Thread 0x0000015b2b339800 7093       3       org.springframework.asm.ClassReader::readConst (401 bytes)
Event: 12.379 Thread 0x0000015b2b339800 nmethod 7093 0x0000015b104f4390 code [0x0000015b104f47e0, 0x0000015b104f6298]

GC Heap History (20 events):
Event: 4.793 GC heap after
{Heap after GC invocations=11 (full 0):
 garbage-first heap   total 160768K, used 17735K [0x0000000702600000, 0x0000000800000000)
  region size 1024K, 7 young (7168K), 7 survivors (7168K)
 Metaspace       used 31387K, capacity 32406K, committed 32640K, reserved 1077248K
  class space    used 3549K, capacity 3938K, committed 3968K, reserved 1048576K
}
Event: 5.255 GC heap before
{Heap before GC invocations=11 (full 0):
 garbage-first heap   total 160768K, used 80199K [0x0000000702600000, 0x0000000800000000)
  region size 1024K, 69 young (70656K), 7 survivors (7168K)
 Metaspace       used 34751K, capacity 35773K, committed 35840K, reserved 1081344K
  class space    used 4087K, capacity 4476K, committed 4480K, reserved 1048576K
}
Event: 5.263 GC heap after
{Heap after GC invocations=12 (full 0):
 garbage-first heap   total 160768K, used 19023K [0x0000000702600000, 0x0000000800000000)
  region size 1024K, 7 young (7168K), 7 survivors (7168K)
 Metaspace       used 34751K, capacity 35773K, committed 35840K, reserved 1081344K
  class space    used 4087K, capacity 4476K, committed 4480K, reserved 1048576K
}
Event: 5.532 GC heap before
{Heap before GC invocations=13 (full 0):
 garbage-first heap   total 75776K, used 59983K [0x0000000702600000, 0x0000000800000000)
  region size 1024K, 47 young (48128K), 7 survivors (7168K)
 Metaspace       used 36467K, capacity 37487K, committed 37632K, reserved 1081344K
  class space    used 4382K, capacity 4766K, committed 4864K, reserved 1048576K
}
Event: 5.541 GC heap after
{Heap after GC invocations=14 (full 0):
 garbage-first heap   total 91136K, used 19193K [0x0000000702600000, 0x0000000800000000)
  region size 1024K, 4 young (4096K), 4 survivors (4096K)
 Metaspace       used 36467K, capacity 37487K, committed 37632K, reserved 1081344K
  class space    used 4382K, capacity 4766K, committed 4864K, reserved 1048576K
}
Event: 5.849 GC heap before
{Heap before GC invocations=14 (full 0):
 garbage-first heap   total 91136K, used 69369K [0x0000000702600000, 0x0000000800000000)
  region size 1024K, 53 young (54272K), 4 survivors (4096K)
 Metaspace       used 38527K, capacity 39712K, committed 40064K, reserved 1083392K
  class space    used 4686K, capacity 5136K, committed 5248K, reserved 1048576K
}
Event: 5.859 GC heap after
{Heap after GC invocations=15 (full 0):
 garbage-first heap   total 91136K, used 20073K [0x0000000702600000, 0x0000000800000000)
  region size 1024K, 5 young (5120K), 5 survivors (5120K)
 Metaspace       used 38527K, capacity 39712K, committed 40064K, reserved 1083392K
  class space    used 4686K, capacity 5136K, committed 5248K, reserved 1048576K
}
Event: 6.240 GC heap before
{Heap before GC invocations=15 (full 0):
 garbage-first heap   total 91136K, used 69225K [0x0000000702600000, 0x0000000800000000)
  region size 1024K, 53 young (54272K), 5 survivors (5120K)
 Metaspace       used 40351K, capacity 41588K, committed 41856K, reserved 1085440K
  class space    used 4917K, capacity 5396K, committed 5504K, reserved 1048576K
}
Event: 6.248 GC heap after
{Heap after GC invocations=16 (full 0):
 garbage-first heap   total 91136K, used 21502K [0x0000000702600000, 0x0000000800000000)
  region size 1024K, 5 young (5120K), 5 survivors (5120K)
 Metaspace       used 40351K, capacity 41588K, committed 41856K, reserved 1085440K
  class space    used 4917K, capacity 5396K, committed 5504K, reserved 1048576K
}
Event: 6.529 GC heap before
{Heap before GC invocations=16 (full 0):
 garbage-first heap   total 91136K, used 69630K [0x0000000702600000, 0x0000000800000000)
  region size 1024K, 53 young (54272K), 5 survivors (5120K)
 Metaspace       used 42797K, capacity 44026K, committed 44160K, reserved 1087488K
  class space    used 5191K, capacity 5674K, committed 5760K, reserved 1048576K
}
Event: 6.536 GC heap after
{Heap after GC invocations=17 (full 0):
 garbage-first heap   total 91136K, used 22144K [0x0000000702600000, 0x0000000800000000)
  region size 1024K, 4 young (4096K), 4 survivors (4096K)
 Metaspace       used 42797K, capacity 44026K, committed 44160K, reserved 1087488K
  class space    used 5191K, capacity 5674K, committed 5760K, reserved 1048576K
}
Event: 6.756 GC heap before
{Heap before GC invocations=17 (full 0):
 garbage-first heap   total 91136K, used 72320K [0x0000000702600000, 0x0000000800000000)
  region size 1024K, 53 young (54272K), 4 survivors (4096K)
 Metaspace       used 45281K, capacity 46512K, committed 46720K, reserved 1089536K
  class space    used 5537K, capacity 6013K, committed 6016K, reserved 1048576K
}
Event: 6.764 GC heap after
{Heap after GC invocations=18 (full 0):
 garbage-first heap   total 109568K, used 23411K [0x0000000702600000, 0x0000000800000000)
  region size 1024K, 5 young (5120K), 5 survivors (5120K)
 Metaspace       used 45281K, capacity 46512K, committed 46720K, reserved 1089536K
  class space    used 5537K, capacity 6013K, committed 6016K, reserved 1048576K
}
Event: 9.109 GC heap before
{Heap before GC invocations=18 (full 0):
 garbage-first heap   total 109568K, used 83827K [0x0000000702600000, 0x0000000800000000)
  region size 1024K, 64 young (65536K), 5 survivors (5120K)
 Metaspace       used 46862K, capacity 48157K, committed 48256K, reserved 1091584K
  class space    used 5686K, capacity 6174K, committed 6272K, reserved 1048576K
}
Event: 9.117 GC heap after
{Heap after GC invocations=19 (full 0):
 garbage-first heap   total 109568K, used 24590K [0x0000000702600000, 0x0000000800000000)
  region size 1024K, 5 young (5120K), 5 survivors (5120K)
 Metaspace       used 46862K, capacity 48157K, committed 48256K, reserved 1091584K
  class space    used 5686K, capacity 6174K, committed 6272K, reserved 1048576K
}
Event: 9.604 GC heap before
{Heap before GC invocations=19 (full 0):
 garbage-first heap   total 109568K, used 85006K [0x0000000702600000, 0x0000000800000000)
  region size 1024K, 64 young (65536K), 5 survivors (5120K)
 Metaspace       used 47195K, capacity 48419K, committed 48768K, reserved 1091584K
  class space    used 5687K, capacity 6175K, committed 6272K, reserved 1048576K
}
Event: 9.612 GC heap after
{Heap after GC invocations=20 (full 0):
 garbage-first heap   total 109568K, used 26551K [0x0000000702600000, 0x0000000800000000)
  region size 1024K, 6 young (6144K), 6 survivors (6144K)
 Metaspace       used 47195K, capacity 48419K, committed 48768K, reserved 1091584K
  class space    used 5687K, capacity 6175K, committed 6272K, reserved 1048576K
}
Event: 11.037 GC heap before
{Heap before GC invocations=20 (full 0):
 garbage-first heap   total 109568K, used 85943K [0x0000000702600000, 0x0000000800000000)
  region size 1024K, 64 young (65536K), 6 survivors (6144K)
 Metaspace       used 47391K, capacity 48641K, committed 48768K, reserved 1091584K
  class space    used 5690K, capacity 6180K, committed 6272K, reserved 1048576K
}
Event: 11.044 GC heap after
{Heap after GC invocations=21 (full 0):
 garbage-first heap   total 109568K, used 25468K [0x0000000702600000, 0x0000000800000000)
  region size 1024K, 4 young (4096K), 4 survivors (4096K)
 Metaspace       used 47391K, capacity 48641K, committed 48768K, reserved 1091584K
  class space    used 5690K, capacity 6180K, committed 6272K, reserved 1048576K
}
Event: 12.384 GC heap before
{Heap before GC invocations=21 (full 0):
 garbage-first heap   total 109568K, used 86908K [0x0000000702600000, 0x0000000800000000)
  region size 1024K, 64 young (65536K), 4 survivors (4096K)
 Metaspace       used 47521K, capacity 48804K, committed 49024K, reserved 1091584K
  class space    used 5695K, capacity 6188K, committed 6272K, reserved 1048576K
}

Deoptimization events (20 events):
Event: 12.217 Thread 0x0000015b0693c800 DEOPT PACKING pc=0x0000015b10066519 sp=0x000000297c8fbf90
Event: 12.217 Thread 0x0000015b0693c800 DEOPT UNPACKING pc=0x0000015b0f13964e sp=0x000000297c8fb4d8 mode 0
Event: 12.218 Thread 0x0000015b0693c800 DEOPT PACKING pc=0x0000015b10066519 sp=0x000000297c8fc4c0
Event: 12.218 Thread 0x0000015b0693c800 DEOPT UNPACKING pc=0x0000015b0f13964e sp=0x000000297c8fba08 mode 0
Event: 12.250 Thread 0x0000015b0693c800 Uncommon trap: trap_request=0xffffffd6 fr.pc=0x0000015b170f2f38 relative=0x00000000000006f8
Event: 12.250 Thread 0x0000015b0693c800 Uncommon trap: reason=array_check action=maybe_recompile pc=0x0000015b170f2f38 method=java.util.concurrent.ConcurrentHashMap$CollectionView.toArray([Ljava/lang/Object;)[Ljava/lang/Object; @ 158 c2
Event: 12.250 Thread 0x0000015b0693c800 DEOPT PACKING pc=0x0000015b170f2f38 sp=0x000000297c8fada0
Event: 12.250 Thread 0x0000015b0693c800 DEOPT UNPACKING pc=0x0000015b0f13912f sp=0x000000297c8fad50 mode 2
Event: 12.250 Thread 0x0000015b0693c800 Uncommon trap: trap_request=0xffffffd6 fr.pc=0x0000015b170f2f38 relative=0x00000000000006f8
Event: 12.250 Thread 0x0000015b0693c800 Uncommon trap: reason=array_check action=maybe_recompile pc=0x0000015b170f2f38 method=java.util.concurrent.ConcurrentHashMap$CollectionView.toArray([Ljava/lang/Object;)[Ljava/lang/Object; @ 158 c2
Event: 12.250 Thread 0x0000015b0693c800 DEOPT PACKING pc=0x0000015b170f2f38 sp=0x000000297c8fada0
Event: 12.250 Thread 0x0000015b0693c800 DEOPT UNPACKING pc=0x0000015b0f13912f sp=0x000000297c8fad50 mode 2
Event: 12.326 Thread 0x0000015b0693c800 Uncommon trap: trap_request=0xffffffd6 fr.pc=0x0000015b170f2f38 relative=0x00000000000006f8
Event: 12.326 Thread 0x0000015b0693c800 Uncommon trap: reason=array_check action=maybe_recompile pc=0x0000015b170f2f38 method=java.util.concurrent.ConcurrentHashMap$CollectionView.toArray([Ljava/lang/Object;)[Ljava/lang/Object; @ 158 c2
Event: 12.326 Thread 0x0000015b0693c800 DEOPT PACKING pc=0x0000015b170f2f38 sp=0x000000297c8fb730
Event: 12.326 Thread 0x0000015b0693c800 DEOPT UNPACKING pc=0x0000015b0f13912f sp=0x000000297c8fb6e0 mode 2
Event: 12.326 Thread 0x0000015b0693c800 Uncommon trap: trap_request=0xffffffd6 fr.pc=0x0000015b170f2f38 relative=0x00000000000006f8
Event: 12.326 Thread 0x0000015b0693c800 Uncommon trap: reason=array_check action=maybe_recompile pc=0x0000015b170f2f38 method=java.util.concurrent.ConcurrentHashMap$CollectionView.toArray([Ljava/lang/Object;)[Ljava/lang/Object; @ 158 c2
Event: 12.327 Thread 0x0000015b0693c800 DEOPT PACKING pc=0x0000015b170f2f38 sp=0x000000297c8fb5e0
Event: 12.327 Thread 0x0000015b0693c800 DEOPT UNPACKING pc=0x0000015b0f13912f sp=0x000000297c8fb590 mode 2

Classes unloaded (0 events):
No events

Classes redefined (0 events):
No events

Internal exceptions (20 events):
Event: 11.180 Thread 0x0000015b0693c800 Exception <a 'java/lang/ClassNotFoundException'{0x000000070756b0d0}: org/springframework/beans/factory/InitializingBeanCustomizer> (0x000000070756b0d0) 
thrown [./open/src/hotspot/share/classfile/systemDictionary.cpp, line 226]
Event: 11.181 Thread 0x0000015b0693c800 Exception <a 'java/lang/ClassNotFoundException'{0x000000070758a210}: org/springframework/beans/factory/DisposableBeanCustomizer> (0x000000070758a210) 
thrown [./open/src/hotspot/share/classfile/systemDictionary.cpp, line 226]
Event: 11.181 Thread 0x0000015b0693c800 Exception <a 'java/lang/ClassNotFoundException'{0x00000007075aa890}: org/springframework/orm/jpa/EntityManagerFactoryInfoCustomizer> (0x00000007075aa890) 
thrown [./open/src/hotspot/share/classfile/systemDictionary.cpp, line 226]
Event: 11.182 Thread 0x0000015b0693c800 Exception <a 'java/lang/ClassNotFoundException'{0x00000007075d3768}: org/springframework/dao/support/PersistenceExceptionTranslatorCustomizer> (0x00000007075d3768) 
thrown [./open/src/hotspot/share/classfile/systemDictionary.cpp, line 226]
Event: 12.237 Thread 0x0000015b0693c800 Exception <a 'java/lang/NoClassDefFoundError'{0x0000000706ea0f70}: javax/validation/ValidationException> (0x0000000706ea0f70) 
thrown [./open/src/hotspot/share/classfile/systemDictionary.cpp, line 215]
Event: 12.237 Thread 0x0000015b0693c800 Exception <a 'java/lang/NoClassDefFoundError'{0x0000000706eae5c0}: liquibase/exception/ChangeLogParseException> (0x0000000706eae5c0) 
thrown [./open/src/hotspot/share/classfile/systemDictionary.cpp, line 215]
Event: 12.244 Thread 0x0000015b0693c800 Exception <a 'java/lang/ClassNotFoundException'{0x0000000706d51878}: java/lang/ObjectCustomizer> (0x0000000706d51878) 
thrown [./open/src/hotspot/share/classfile/systemDictionary.cpp, line 226]
Event: 12.245 Thread 0x0000015b0693c800 Exception <a 'java/lang/ClassNotFoundException'{0x0000000706d78da0}: org/springframework/context/annotation/ConfigurationClassPostProcessorCustomizer> (0x0000000706d78da0) 
thrown [./open/src/hotspot/share/classfile/systemDictionary.cpp, line 226]
Event: 12.245 Thread 0x0000015b0693c800 Exception <a 'java/lang/ClassNotFoundException'{0x0000000706dae878}: org/springframework/beans/factory/support/BeanDefinitionRegistryPostProcessorCustomizer> (0x0000000706dae878) 
thrown [./open/src/hotspot/share/classfile/systemDictionary.cpp, line 226]
Event: 12.245 Thread 0x0000015b0693c800 Exception <a 'java/lang/ClassNotFoundException'{0x0000000706dd29c8}: org/springframework/beans/factory/config/BeanFactoryPostProcessorCustomizer> (0x0000000706dd29c8) 
thrown [./open/src/hotspot/share/classfile/systemDictionary.cpp, line 226]
Event: 12.246 Thread 0x0000015b0693c800 Exception <a 'java/lang/ClassNotFoundException'{0x0000000706def998}: org/springframework/core/PriorityOrderedCustomizer> (0x0000000706def998) 
thrown [./open/src/hotspot/share/classfile/systemDictionary.cpp, line 226]
Event: 12.246 Thread 0x0000015b0693c800 Exception <a 'java/lang/ClassNotFoundException'{0x0000000706c0a000}: org/springframework/core/OrderedCustomizer> (0x0000000706c0a000) 
thrown [./open/src/hotspot/share/classfile/systemDictionary.cpp, line 226]
Event: 12.246 Thread 0x0000015b0693c800 Exception <a 'java/lang/ClassNotFoundException'{0x0000000706c28650}: org/springframework/context/ResourceLoaderAwareCustomizer> (0x0000000706c28650) 
thrown [./open/src/hotspot/share/classfile/systemDictionary.cpp, line 226]
Event: 12.246 Thread 0x0000015b0693c800 Exception <a 'java/lang/ClassNotFoundException'{0x0000000706c44dd8}: org/springframework/beans/factory/AwareCustomizer> (0x0000000706c44dd8) 
thrown [./open/src/hotspot/share/classfile/systemDictionary.cpp, line 226]
Event: 12.247 Thread 0x0000015b0693c800 Exception <a 'java/lang/ClassNotFoundException'{0x0000000706c641b8}: org/springframework/context/ApplicationStartupAwareCustomizer> (0x0000000706c641b8) 
thrown [./open/src/hotspot/share/classfile/systemDictionary.cpp, line 226]
Event: 12.247 Thread 0x0000015b0693c800 Exception <a 'java/lang/ClassNotFoundException'{0x0000000706c80ec0}: org/springframework/beans/factory/AwareCustomizer> (0x0000000706c80ec0) 
thrown [./open/src/hotspot/share/classfile/systemDictionary.cpp, line 226]
Event: 12.247 Thread 0x0000015b0693c800 Exception <a 'java/lang/ClassNotFoundException'{0x0000000706ca0b30}: org/springframework/beans/factory/BeanClassLoaderAwareCustomizer> (0x0000000706ca0b30) 
thrown [./open/src/hotspot/share/classfile/systemDictionary.cpp, line 226]
Event: 12.247 Thread 0x0000015b0693c800 Exception <a 'java/lang/ClassNotFoundException'{0x0000000706cbd310}: org/springframework/beans/factory/AwareCustomizer> (0x0000000706cbd310) 
thrown [./open/src/hotspot/share/classfile/systemDictionary.cpp, line 226]
Event: 12.247 Thread 0x0000015b0693c800 Exception <a 'java/lang/ClassNotFoundException'{0x0000000706cdac20}: org/springframework/context/EnvironmentAwareCustomizer> (0x0000000706cdac20) 
thrown [./open/src/hotspot/share/classfile/systemDictionary.cpp, line 226]
Event: 12.248 Thread 0x0000015b0693c800 Exception <a 'java/lang/ClassNotFoundException'{0x0000000706cf7378}: org/springframework/beans/factory/AwareCustomizer> (0x0000000706cf7378) 
thrown [./open/src/hotspot/share/classfile/systemDictionary.cpp, line 226]

Events (20 events):
Event: 11.171 loading class java/lang/ObjectCustomizer
Event: 11.171 loading class java/lang/ObjectCustomizer done
Event: 11.174 loading class java/lang/ObjectCustomizer
Event: 11.174 loading class java/lang/ObjectCustomizer done
Event: 11.174 loading class java/lang/ObjectCustomizer
Event: 11.174 loading class java/lang/ObjectCustomizer done
Event: 11.175 loading class java/lang/ObjectCustomizer
Event: 11.175 loading class java/lang/ObjectCustomizer done
Event: 11.175 loading class java/lang/ObjectCustomizer
Event: 11.175 loading class java/lang/ObjectCustomizer done
Event: 12.211 Thread 0x0000015b3125f800 Thread exited: 0x0000015b3125f800
Event: 12.211 Thread 0x0000015b2c781800 Thread exited: 0x0000015b2c781800
Event: 12.225 Thread 0x0000015b2b490000 Thread added: 0x0000015b2b490000
Event: 12.244 loading class java/lang/ObjectCustomizer
Event: 12.244 loading class java/lang/ObjectCustomizer done
Event: 12.244 loading class java/lang/ObjectCustomizer
Event: 12.244 loading class java/lang/ObjectCustomizer done
Event: 12.330 Thread 0x0000015b31213000 Thread added: 0x0000015b31213000
Event: 12.340 Thread 0x0000015b31213000 Thread exited: 0x0000015b31213000
Event: 12.384 Executing VM operation: G1CollectForAllocation


Dynamic libraries:
0x00007ff6c5750000 - 0x00007ff6c575f000 	C:\Program Files\Java\jdk-14.0.1\bin\java.exe
0x00007ffb14c10000 - 0x00007ffb14e06000 	C:\Windows\SYSTEM32\ntdll.dll
0x00007ffb14a80000 - 0x00007ffb14b3d000 	C:\Windows\System32\KERNEL32.DLL
0x00007ffb129a0000 - 0x00007ffb12c69000 	C:\Windows\System32\KERNELBASE.dll
0x00007ffb124e0000 - 0x00007ffb125e0000 	C:\Windows\System32\ucrtbase.dll
0x00007ffb0ddb0000 - 0x00007ffb0ddc8000 	C:\Program Files\Java\jdk-14.0.1\bin\jli.dll
0x00007ffb13840000 - 0x00007ffb138ec000 	C:\Windows\System32\ADVAPI32.dll
0x00007ffb0dd90000 - 0x00007ffb0dda5000 	C:\Program Files\Java\jdk-14.0.1\bin\VCRUNTIME140.dll
0x00007ffb13f90000 - 0x00007ffb1402e000 	C:\Windows\System32\msvcrt.dll
0x00007ffb138f0000 - 0x00007ffb1398c000 	C:\Windows\System32\sechost.dll
0x00007ffb13640000 - 0x00007ffb1376b000 	C:\Windows\System32\RPCRT4.dll
0x00007ffb147c0000 - 0x00007ffb14960000 	C:\Windows\System32\USER32.dll
0x00007ffb00a10000 - 0x00007ffb00cab000 	C:\Windows\WinSxS\amd64_microsoft.windows.common-controls_6595b64144ccf1df_6.0.19041.746_none_ca02b4b61b8320a4\COMCTL32.dll
0x00007ffb12730000 - 0x00007ffb12752000 	C:\Windows\System32\win32u.dll
0x00007ffb14230000 - 0x00007ffb1425a000 	C:\Windows\System32\GDI32.dll
0x00007ffb12350000 - 0x00007ffb1245b000 	C:\Windows\System32\gdi32full.dll
0x00007ffb0bf10000 - 0x00007ffb0bf1a000 	C:\Windows\SYSTEM32\VERSION.dll
0x00007ffb125e0000 - 0x00007ffb1267d000 	C:\Windows\System32\msvcp_win.dll
0x00007ffb14260000 - 0x00007ffb14290000 	C:\Windows\System32\IMM32.DLL
0x00007ffaeb0b0000 - 0x00007ffaeb14b000 	C:\Program Files\Java\jdk-14.0.1\bin\msvcp140.dll
0x00007ffacc610000 - 0x00007ffacd12e000 	C:\Program Files\Java\jdk-14.0.1\bin\server\jvm.dll
0x00007ffb14030000 - 0x00007ffb14038000 	C:\Windows\System32\PSAPI.DLL
0x00007ffafbfd0000 - 0x00007ffafbfd9000 	C:\Windows\SYSTEM32\WSOCK32.dll
0x00007ffafca20000 - 0x00007ffafca47000 	C:\Windows\SYSTEM32\WINMM.dll
0x00007ffb141c0000 - 0x00007ffb1422b000 	C:\Windows\System32\WS2_32.dll
0x00007ffb10450000 - 0x00007ffb10462000 	C:\Windows\SYSTEM32\kernel.appcore.dll
0x00007ffb0de00000 - 0x00007ffb0de0a000 	C:\Program Files\Java\jdk-14.0.1\bin\jimage.dll
0x00007ffafe650000 - 0x00007ffafe834000 	C:\Windows\SYSTEM32\DBGHELP.DLL
0x00007ffafe410000 - 0x00007ffafe43c000 	C:\Windows\SYSTEM32\dbgcore.DLL
0x00007ffb12460000 - 0x00007ffb124e0000 	C:\Windows\System32\bcryptPrimitives.dll
0x00007ffb0c720000 - 0x00007ffb0c72e000 	C:\Program Files\Java\jdk-14.0.1\bin\instrument.dll
0x00007ffb0c950000 - 0x00007ffb0c975000 	C:\Program Files\Java\jdk-14.0.1\bin\java.dll
0x00007ffb0a380000 - 0x00007ffb0a396000 	C:\Program Files\Java\jdk-14.0.1\bin\zip.dll
0x00007ffb12c70000 - 0x00007ffb133b3000 	C:\Windows\System32\SHELL32.dll
0x00007ffb10470000 - 0x00007ffb10bff000 	C:\Windows\SYSTEM32\windows.storage.dll
0x00007ffb14440000 - 0x00007ffb14796000 	C:\Windows\System32\combase.dll
0x00007ffb11ce0000 - 0x00007ffb11d0c000 	C:\Windows\SYSTEM32\Wldp.dll
0x00007ffb133c0000 - 0x00007ffb1346e000 	C:\Windows\System32\SHCORE.dll
0x00007ffb135d0000 - 0x00007ffb13625000 	C:\Windows\System32\shlwapi.dll
0x00007ffb12280000 - 0x00007ffb122a6000 	C:\Windows\SYSTEM32\profapi.dll
0x00007ffb0a360000 - 0x00007ffb0a379000 	C:\Program Files\Java\jdk-14.0.1\bin\net.dll
0x00007ffb07ee0000 - 0x00007ffb07fe0000 	C:\Windows\SYSTEM32\WINHTTP.dll
0x00007ffb11ad0000 - 0x00007ffb11b3a000 	C:\Windows\system32\mswsock.dll
0x00007ffb0a340000 - 0x00007ffb0a352000 	C:\Program Files\Java\jdk-14.0.1\bin\nio.dll
0x00007ffb0dd30000 - 0x00007ffb0dd40000 	C:\Program Files\Java\jdk-14.0.1\bin\verify.dll
0x00007ffaf59d0000 - 0x00007ffaf59e7000 	C:\Windows\system32\napinsp.dll
0x00007ffaf59b0000 - 0x00007ffaf59cb000 	C:\Windows\system32\pnrpnsp.dll
0x00007ffaf5990000 - 0x00007ffaf59a5000 	C:\Windows\system32\wshbth.dll
0x00007ffb0dcb0000 - 0x00007ffb0dccd000 	C:\Windows\system32\NLAapi.dll
0x00007ffb11790000 - 0x00007ffb117cb000 	C:\Windows\SYSTEM32\IPHLPAPI.DLL
0x00007ffb117d0000 - 0x00007ffb1189b000 	C:\Windows\SYSTEM32\DNSAPI.dll
0x00007ffb13630000 - 0x00007ffb13638000 	C:\Windows\System32\NSI.dll
0x00007ffaf5970000 - 0x00007ffaf5982000 	C:\Windows\System32\winrnr.dll
0x00007ffb04450000 - 0x00007ffb0445a000 	C:\Windows\System32\rasadhlp.dll
0x00007ffb044e0000 - 0x00007ffb0455f000 	C:\Windows\System32\fwpuclnt.dll
0x00007ffb128c0000 - 0x00007ffb128e7000 	C:\Windows\System32\bcrypt.dll
0x00007ffb0cda0000 - 0x00007ffb0cda9000 	C:\Program Files\Java\jdk-14.0.1\bin\management.dll
0x00007ffb0c780000 - 0x00007ffb0c78b000 	C:\Program Files\Java\jdk-14.0.1\bin\management_ext.dll
0x00007ffb11d20000 - 0x00007ffb11d38000 	C:\Windows\SYSTEM32\CRYPTSP.dll
0x00007ffb11420000 - 0x00007ffb11454000 	C:\Windows\system32\rsaenh.dll
0x00007ffb12240000 - 0x00007ffb1226e000 	C:\Windows\SYSTEM32\USERENV.dll
0x00007ffb11c50000 - 0x00007ffb11c5c000 	C:\Windows\SYSTEM32\CRYPTBASE.dll
0x00007ffb0b150000 - 0x00007ffb0b167000 	C:\Windows\SYSTEM32\dhcpcsvc6.DLL
0x00007ffb0b130000 - 0x00007ffb0b14d000 	C:\Windows\SYSTEM32\dhcpcsvc.DLL

dbghelp: loaded successfully - version: 4.0.5 - missing functions: none
symbol engine: initialized successfully - sym options: 0x614 - pdb path: .;C:\Program Files\Java\jdk-14.0.1\bin;C:\Windows\SYSTEM32;C:\Windows\WinSxS\amd64_microsoft.windows.common-controls_6595b64144ccf1df_6.0.19041.746_none_ca02b4b61b8320a4;C:\Program Files\Java\jdk-14.0.1\bin\server

VM Arguments:
jvm_args: -javaagent:C:\\Users\\Aleksandar\\.m2\\repository\\org\\jacoco\\org.jacoco.agent\\0.8.6\\org.jacoco.agent-0.8.6-runtime.jar=destfile=F:\\University\\SecondYear\\3rdSemester\\ITS\\individualproject\\target\\jacoco.exec 
java_command: C:\Users\ALEKSA~1\AppData\Local\Temp\surefire4917780899297548312\surefirebooter1004145468994826253.jar C:\Users\Aleksandar\AppData\Local\Temp\surefire4917780899297548312 2021-01-21T22-01-56_592-jvmRun1 surefire3942759825849181222tmp surefire_09297640884859642299tmp
java_class_path (initial): C:\Users\ALEKSA~1\AppData\Local\Temp\surefire4917780899297548312\surefirebooter1004145468994826253.jar
Launcher Type: SUN_STANDARD

[Global flags]
     intx CICompilerCount                          = 4                                         {product} {ergonomic}
     uint ConcGCThreads                            = 3                                         {product} {ergonomic}
     uint G1ConcRefinementThreads                  = 10                                        {product} {ergonomic}
   size_t G1HeapRegionSize                         = 1048576                                   {product} {ergonomic}
    uintx GCDrainStackTargetSize                   = 64                                        {product} {ergonomic}
   size_t InitialHeapSize                          = 266338304                                 {product} {ergonomic}
   size_t MarkStackSize                            = 4194304                                   {product} {ergonomic}
   size_t MaxHeapSize                              = 4255121408                                {product} {ergonomic}
   size_t MaxNewSize                               = 2552233984                                {product} {ergonomic}
   size_t MinHeapDeltaBytes                        = 1048576                                   {product} {ergonomic}
   size_t MinHeapSize                              = 8388608                                   {product} {ergonomic}
    uintx NonNMethodCodeHeapSize                   = 5839372                                {pd product} {ergonomic}
    uintx NonProfiledCodeHeapSize                  = 122909434                              {pd product} {ergonomic}
    uintx ProfiledCodeHeapSize                     = 122909434                              {pd product} {ergonomic}
    uintx ReservedCodeCacheSize                    = 251658240                              {pd product} {ergonomic}
     bool SegmentedCodeCache                       = true                                      {product} {ergonomic}
   size_t SoftMaxHeapSize                          = 4255121408                             {manageable} {ergonomic}
     bool UseCompressedClassPointers               = true                                 {lp64_product} {ergonomic}
     bool UseCompressedOops                        = true                                 {lp64_product} {ergonomic}
     bool UseG1GC                                  = true                                      {product} {ergonomic}
     bool UseLargePagesIndividualAllocation        = false                                  {pd product} {ergonomic}

Logging:
Log output configuration:
 #0: stdout all=warning uptime,level,tags
 #1: stderr all=off uptime,level,tags

Environment Variables:
JAVA_HOME=C:\Program Files\Java\jdk-14.0.1
PATH=C:\Program Files\Java\jdk-14.0.1\bin;C:\Program Files\apache-maven-3.6.3\bin;C:\Windows\system32;C:\Windows;C:\Windows\System32\Wbem;C:\Windows\System32\WindowsPowerShell\v1.0\;C:\Windows\System32\OpenSSH\;C:\Program Files\NVIDIA Corporation\NVIDIA NvDLISR;C:\Program Files (x86)\NVIDIA Corporation\PhysX\Common;F:\Git\cmd;C:\Program Files\dotnet\;C:\Program Files\nodejs\;F:\Programs\z3-4.8.9-x64-win\bin;;C:\Program Files\Docker\Docker\resources\bin;C:\ProgramData\DockerDesktop\version-bin;C:\Users\Aleksandar\AppData\Local\Microsoft\WindowsApps;C:\Program Files\Java\jdk-14.0.1\bin;C:\Users\Aleksandar\.dotnet\tools;C:\Users\Aleksandar\AppData\Local\Programs\Microsoft VS Code\bin;F:\Programs\Microsoft VS Code\bin;C:\Users\Aleksandar\AppData\Roaming\npm
USERNAME=Aleksandar
OS=Windows_NT
PROCESSOR_IDENTIFIER=Intel64 Family 6 Model 158 Stepping 10, GenuineIntel



---------------  S Y S T E M  ---------------

OS: Windows 10 , 64 bit Build 19041 (10.0.19041.662)
OS uptime: 0 days 10:00 hours
HyperV virtualization detected

CPU:total 12 (initial active 12) (6 cores per cpu, 2 threads per core) family 6 model 158 stepping 10, cmov, cx8, fxsr, mmx, sse, sse2, sse3, ssse3, sse4.1, sse4.2, popcnt, avx, avx2, aes, clmul, erms, 3dnowpref, lzcnt, ht, tsc, tscinvbit, bmi1, bmi2, adx, fma

Memory: 4k page, system-wide physical 16227M (386M free)
TotalPageFile size 26672M (AvailPageFile size 6M)
current process WorkingSet (physical memory assigned to process): 285M, peak: 340M
current process commit charge ("private bytes"): 332M, peak: 458M

vm_info: Java HotSpot(TM) 64-Bit Server VM (14.0.1+7) for windows-amd64 JRE (14.0.1+7), built on Mar  5 2020 10:30:14 by "mach5one" with MS VC++ 15.9 (VS2017)

END.
