#
# There is insufficient memory for the Java Runtime Environment to continue.
# Native memory allocation (mmap) failed to map 266338304 bytes for Failed to commit area from 0x0000000702600000 to 0x0000000712400000 of length 266338304.
# Possible reasons:
#   The system is out of physical RAM or swap space
#   The process is running with CompressedOops enabled, and the Java Heap may be blocking the growth of the native heap
# Possible solutions:
#   Reduce memory load on the system
#   Increase physical memory or swap space
#   Check if swap backing store is full
#   Decrease Java heap size (-Xmx/-Xms)
#   Decrease number of Java threads
#   Decrease Java thread stack sizes (-Xss)
#   Set larger code cache with -XX:ReservedCodeCacheSize=
#   JVM is running with Zero Based Compressed Oops mode in which the Java heap is
#     placed in the first 32GB address space. The Java Heap base address is the
#     maximum limit for the native heap growth. Please use -XX:HeapBaseMinAddress
#     to set the Java Heap base and to place the Java Heap above 32GB virtual address.
# This output file may be truncated or incomplete.
#
#  Out of Memory Error (./open/src/hotspot/os/windows/os_windows.cpp:3315), pid=11252, tid=13484
#
# JRE version:  (14.0.1+7) (build )
# Java VM: Java HotSpot(TM) 64-Bit Server VM (14.0.1+7, mixed mode, sharing, tiered, compressed oops, g1 gc, windows-amd64)
# No core dump will be written. Minidumps are not enabled by default on client versions of Windows
#

---------------  S U M M A R Y ------------

Command Line: -Dmaven.multiModuleProjectDirectory=F:\University\SecondYear\3rdSemester\ITS\individualproject -Dmaven.home=F:\Programs\IntelliJ IDEA 2020.2.1\plugins\maven\lib\maven3 -Dclassworlds.conf=F:\Programs\IntelliJ IDEA 2020.2.1\plugins\maven\lib\maven3\bin\m2.conf -Dmaven.ext.class.path=F:\Programs\IntelliJ IDEA 2020.2.1\plugins\maven\lib\maven-event-listener.jar -javaagent:F:\Programs\IntelliJ IDEA 2020.2.1\lib\idea_rt.jar=65314:F:\Programs\IntelliJ IDEA 2020.2.1\bin -Dfile.encoding=UTF-8 org.codehaus.classworlds.Launcher -Didea.version=2020.2.3 clean

Host: Intel(R) Core(TM) i7-8750H CPU @ 2.20GHz, 12 cores, 15G,  Windows 10 , 64 bit Build 19041 (10.0.19041.662)
Time: Sun Jan 10 12:09:35 2021 W. Europe Standard Time elapsed time: 0 seconds (0d 0h 0m 0s)

---------------  T H R E A D  ---------------

Current thread (0x00000183ba68d000):  JavaThread "Unknown thread" [_thread_in_vm, id=13484, stack(0x0000000893600000,0x0000000893700000)]

Stack: [0x0000000893600000,0x0000000893700000]
Native frames: (J=compiled Java code, j=interpreted, Vv=VM code, C=native code)
V  [jvm.dll+0x5f840a]
V  [jvm.dll+0x741e4a]
V  [jvm.dll+0x7435ff]
V  [jvm.dll+0x743c43]
V  [jvm.dll+0x20d288]
V  [jvm.dll+0x5f57ba]
V  [jvm.dll+0x5ea615]
V  [jvm.dll+0x2c7e9c]
V  [jvm.dll+0x2c7cd2]
V  [jvm.dll+0x2cdbbc]
V  [jvm.dll+0x313ff8]
V  [jvm.dll+0x313720]
V  [jvm.dll+0x2a092a]
V  [jvm.dll+0x2a1a79]
V  [jvm.dll+0x71f718]
V  [jvm.dll+0x321c44]
V  [jvm.dll+0x700b0c]
V  [jvm.dll+0x392dff]
V  [jvm.dll+0x394e71]
C  [jli.dll+0x523b]
C  [ucrtbase.dll+0x214c2]
C  [KERNEL32.DLL+0x17034]
C  [ntdll.dll+0x4d0d1]


---------------  P R O C E S S  ---------------

Threads class SMR info:
_java_thread_list=0x00007ff8ff193078, length=0, elements={
}

Java Threads: ( => current thread )

Other Threads:
  0x00000183ba6f4800 GCTaskThread "GC Thread#0" [stack: 0x0000000893700000,0x0000000893800000] [id=11740]
  0x00000183ba717800 ConcurrentGCThread "G1 Main Marker" [stack: 0x0000000893800000,0x0000000893900000] [id=22148]
  0x00000183ba718800 ConcurrentGCThread "G1 Conc#0" [stack: 0x0000000893900000,0x0000000893a00000] [id=4356]

[error occurred during error reporting (printing all threads), id 0xc0000005, EXCEPTION_ACCESS_VIOLATION (0xc0000005) at pc=0x00007ff8fe9c1257]

VM state:not at safepoint (not fully initialized)

VM Mutex/Monitor currently owned by a thread:  ([mutex/lock_event])
[0x00000183ba688140] Heap_lock - owner thread: 0x00000183ba68d000

Heap address: 0x0000000702600000, size: 4058 MB, Compressed Oops mode: Zero based, Oop shift amount: 3
Narrow klass base: 0x0000000000000000, Narrow klass shift: 0

GC Heap History (0 events):
No events

Deoptimization events (0 events):
No events

Classes unloaded (0 events):
No events

Classes redefined (0 events):
No events

Internal exceptions (0 events):
No events

Events (2 events):
Event: 0.007 Loaded shared library C:\Program Files\Java\jdk-14.0.1\bin\java.dll
Event: 0.008 Loaded shared library C:\Program Files\Java\jdk-14.0.1\bin\zip.dll


Dynamic libraries:
0x00007ff66ecb0000 - 0x00007ff66ecbf000 	C:\Program Files\Java\jdk-14.0.1\bin\java.exe
0x00007ff947dd0000 - 0x00007ff947fc6000 	C:\Windows\SYSTEM32\ntdll.dll
0x00007ff9468c0000 - 0x00007ff94697d000 	C:\Windows\System32\KERNEL32.DLL
0x00007ff945890000 - 0x00007ff945b59000 	C:\Windows\System32\KERNELBASE.dll
0x00007ff9455b0000 - 0x00007ff9456b0000 	C:\Windows\System32\ucrtbase.dll
0x00007ff9401e0000 - 0x00007ff9401f5000 	C:\Program Files\Java\jdk-14.0.1\bin\VCRUNTIME140.dll
0x00007ff93fc60000 - 0x00007ff93fc78000 	C:\Program Files\Java\jdk-14.0.1\bin\jli.dll
0x00007ff946980000 - 0x00007ff946a2c000 	C:\Windows\System32\ADVAPI32.dll
0x00007ff947950000 - 0x00007ff9479ee000 	C:\Windows\System32\msvcrt.dll
0x00007ff9467b0000 - 0x00007ff94684c000 	C:\Windows\System32\sechost.dll
0x00007ff947820000 - 0x00007ff94794b000 	C:\Windows\System32\RPCRT4.dll
0x00007ff946490000 - 0x00007ff946630000 	C:\Windows\System32\USER32.dll
0x00007ff9333b0000 - 0x00007ff93364b000 	C:\Windows\WinSxS\amd64_microsoft.windows.common-controls_6595b64144ccf1df_6.0.19041.488_none_ca04af081b815d21\COMCTL32.dll
0x00007ff945cc0000 - 0x00007ff945ce2000 	C:\Windows\System32\win32u.dll
0x00007ff946a40000 - 0x00007ff946a6a000 	C:\Windows\System32\GDI32.dll
0x00007ff945cf0000 - 0x00007ff945df9000 	C:\Windows\System32\gdi32full.dll
0x00007ff945510000 - 0x00007ff9455ad000 	C:\Windows\System32\msvcp_win.dll
0x00007ff93f080000 - 0x00007ff93f08a000 	C:\Windows\SYSTEM32\VERSION.dll
0x00007ff947d60000 - 0x00007ff947d90000 	C:\Windows\System32\IMM32.DLL
0x00007ff93d010000 - 0x00007ff93d0ab000 	C:\Program Files\Java\jdk-14.0.1\bin\msvcp140.dll
0x00007ff8fe710000 - 0x00007ff8ff22e000 	C:\Program Files\Java\jdk-14.0.1\bin\server\jvm.dll
0x00007ff946a30000 - 0x00007ff946a38000 	C:\Windows\System32\PSAPI.DLL
0x00007ff92f000000 - 0x00007ff92f009000 	C:\Windows\SYSTEM32\WSOCK32.dll
0x00007ff92f120000 - 0x00007ff92f147000 	C:\Windows\SYSTEM32\WINMM.dll
0x00007ff946850000 - 0x00007ff9468bb000 	C:\Windows\System32\WS2_32.dll
0x00007ff943600000 - 0x00007ff943612000 	C:\Windows\SYSTEM32\kernel.appcore.dll
0x00007ff941460000 - 0x00007ff94146a000 	C:\Program Files\Java\jdk-14.0.1\bin\jimage.dll
0x00007ff928220000 - 0x00007ff928404000 	C:\Windows\SYSTEM32\DBGHELP.DLL
0x00007ff92f150000 - 0x00007ff92f17c000 	C:\Windows\SYSTEM32\dbgcore.DLL
0x00007ff945760000 - 0x00007ff9457e0000 	C:\Windows\System32\bcryptPrimitives.dll
0x00007ff93fc10000 - 0x00007ff93fc1e000 	C:\Program Files\Java\jdk-14.0.1\bin\instrument.dll
0x00007ff93d230000 - 0x00007ff93d255000 	C:\Program Files\Java\jdk-14.0.1\bin\java.dll
0x00007ff93f2f0000 - 0x00007ff93f306000 	C:\Program Files\Java\jdk-14.0.1\bin\zip.dll

dbghelp: loaded successfully - version: 4.0.5 - missing functions: none
symbol engine: initialized successfully - sym options: 0x614 - pdb path: .;C:\Program Files\Java\jdk-14.0.1\bin;C:\Windows\SYSTEM32;C:\Windows\WinSxS\amd64_microsoft.windows.common-controls_6595b64144ccf1df_6.0.19041.488_none_ca04af081b815d21;C:\Program Files\Java\jdk-14.0.1\bin\server

VM Arguments:
jvm_args: -Dmaven.multiModuleProjectDirectory=F:\University\SecondYear\3rdSemester\ITS\individualproject -Dmaven.home=F:\Programs\IntelliJ IDEA 2020.2.1\plugins\maven\lib\maven3 -Dclassworlds.conf=F:\Programs\IntelliJ IDEA 2020.2.1\plugins\maven\lib\maven3\bin\m2.conf -Dmaven.ext.class.path=F:\Programs\IntelliJ IDEA 2020.2.1\plugins\maven\lib\maven-event-listener.jar -javaagent:F:\Programs\IntelliJ IDEA 2020.2.1\lib\idea_rt.jar=65314:F:\Programs\IntelliJ IDEA 2020.2.1\bin -Dfile.encoding=UTF-8 
java_command: org.codehaus.classworlds.Launcher -Didea.version=2020.2.3 clean
java_class_path (initial): F:\Programs\IntelliJ IDEA 2020.2.1\plugins\maven\lib\maven3\boot\plexus-classworlds-2.6.0.jar;F:\Programs\IntelliJ IDEA 2020.2.1\plugins\maven\lib\maven3\boot\plexus-classworlds.license
Launcher Type: SUN_STANDARD

[Global flags]
     intx CICompilerCount                          = 4                                         {product} {ergonomic}
     uint ConcGCThreads                            = 3                                         {product} {ergonomic}
     uint G1ConcRefinementThreads                  = 10                                        {product} {ergonomic}
   size_t G1HeapRegionSize                         = 1048576                                   {product} {ergonomic}
    uintx GCDrainStackTargetSize                   = 64                                        {product} {ergonomic}
   size_t InitialHeapSize                          = 266338304                                 {product} {ergonomic}
   size_t MarkStackSize                            = 4194304                                   {product} {ergonomic}
   size_t MaxHeapSize                              = 4255121408                                {product} {ergonomic}
   size_t MinHeapDeltaBytes                        = 1048576                                   {product} {ergonomic}
   size_t MinHeapSize                              = 8388608                                   {product} {ergonomic}
    uintx NonNMethodCodeHeapSize                   = 5839372                                {pd product} {ergonomic}
    uintx NonProfiledCodeHeapSize                  = 122909434                              {pd product} {ergonomic}
    uintx ProfiledCodeHeapSize                     = 122909434                              {pd product} {ergonomic}
    uintx ReservedCodeCacheSize                    = 251658240                              {pd product} {ergonomic}
     bool SegmentedCodeCache                       = true                                      {product} {ergonomic}
   size_t SoftMaxHeapSize                          = 4255121408                             {manageable} {ergonomic}
     bool UseCompressedClassPointers               = true                                 {lp64_product} {ergonomic}
     bool UseCompressedOops                        = true                                 {lp64_product} {ergonomic}
     bool UseG1GC                                  = true                                      {product} {ergonomic}
     bool UseLargePagesIndividualAllocation        = false                                  {pd product} {ergonomic}

Logging:
Log output configuration:
 #0: stdout all=warning uptime,level,tags
 #1: stderr all=off uptime,level,tags

Environment Variables:
JAVA_HOME=C:\Program Files\Java\jdk-14.0.1
PATH=C:\Program Files\Java\jdk-14.0.1\bin;C:\Program Files\apache-maven-3.6.3\bin;C:\Windows\system32;C:\Windows;C:\Windows\System32\Wbem;C:\Windows\System32\WindowsPowerShell\v1.0\;C:\Windows\System32\OpenSSH\;C:\Program Files\NVIDIA Corporation\NVIDIA NvDLISR;C:\Program Files (x86)\NVIDIA Corporation\PhysX\Common;F:\Git\cmd;C:\Program Files\dotnet\;C:\Program Files\nodejs\;F:\Programs\z3-4.8.9-x64-win\bin;C:\Users\Aleksandar\AppData\Local\Microsoft\WindowsApps;C:\Program Files\Java\jdk-14.0.1\bin;C:\Users\Aleksandar\.dotnet\tools;C:\Users\Aleksandar\AppData\Local\Programs\Microsoft VS Code\bin;F:\Programs\Microsoft VS Code\bin;C:\Users\Aleksandar\AppData\Roaming\npm
USERNAME=Aleksandar
OS=Windows_NT
PROCESSOR_IDENTIFIER=Intel64 Family 6 Model 158 Stepping 10, GenuineIntel



---------------  S Y S T E M  ---------------

OS: Windows 10 , 64 bit Build 19041 (10.0.19041.662)
OS uptime: 7 days 14:07 hours
HyperV virtualization detected

CPU:total 12 (initial active 12) (6 cores per cpu, 2 threads per core) family 6 model 158 stepping 10, cmov, cx8, fxsr, mmx, sse, sse2, sse3, ssse3, sse4.1, sse4.2, popcnt, avx, avx2, aes, clmul, erms, 3dnowpref, lzcnt, ht, tsc, tscinvbit, bmi1, bmi2, adx, fma

Memory: 4k page, system-wide physical 16227M (4134M free)
TotalPageFile size 26672M (AvailPageFile size 101M)
current process WorkingSet (physical memory assigned to process): 11M, peak: 11M
current process commit charge ("private bytes"): 65M, peak: 319M

vm_info: Java HotSpot(TM) 64-Bit Server VM (14.0.1+7) for windows-amd64 JRE (14.0.1+7), built on Mar  5 2020 10:30:14 by "mach5one" with MS VC++ 15.9 (VS2017)

END.
